'error'
args:
[]
EQB6qGMHTNSrqrcdKBPqkG-kf10jUypngK1xu6LLnNKJ2rbR
712.3
te6cckEBAQEAGgAAMAAAAABCb3VnaHQgb24gZ2V0Z2Vtcy5pb8DAk+U=
True
1
1
v4r2'error'
args:
[]
EQDFYDvEdzaSkPQ5JDsQLL_KV-Te5JORIw7lUt7YIxvzRlw1
715.3
te6cckEBAQEAGgAAMAAAAABCb3VnaHQgb24gZ2V0Z2Vtcy5pb8DAk+U=
True
1
1
v4r2'error'
args:
[]
EQB6qGMHTNSrqrcdKBPqkG-kf10jUypngK1xu6LLnNKJ2rbR
712.3
te6cckEBAQEAGgAAMAAAAABCb3VnaHQgb24gZ2V0Z2Vtcy5pb8DAk+U=
True
1
1
v4r2'error'
args:
[]
EQDFYDvEdzaSkPQ5JDsQLL_KV-Te5JORIw7lUt7YIxvzRlw1
715.3
te6cckEBAQEAGgAAMAAAAABCb3VnaHQgb24gZ2V0Z2Vtcy5pb8DAk+U=
True
1
1
v4r2'error'
args:
[]
EQB6qGMHTNSrqrcdKBPqkG-kf10jUypngK1xu6LLnNKJ2rbR
712.3
te6cckEBAQEAGgAAMAAAAABCb3VnaHQgb24gZ2V0Z2Vtcy5pb8DAk+U=
True
1
1
v4r2